5.4949 	WARNING 	We strongly recommend you activate the PTB sound engine in PsychoPy prefs as the preferred audio engine. Its timing is vastly superior. Your prefs are currently set to use ['sounddevice', 'PTB', 'pyo', 'pygame'] (in that order).
18.2557 	EXP 	Created window1 = Window(allowGUI=True, allowStencil=False, autoLog=True, backendConf=UNKNOWN, bitsMode=UNKNOWN, blendMode='avg', bpc=(8, 8, 8), color=array([1., 1., 1.]), colorSpace='rgb', depthBits=8, fullscr=<method-wrapper '__getattribute__' of attributeSetter object at 0x000002015C247040>, gamma=None, gammaErrorPolicy='raise', lms=UNKNOWN, monitor=<psychopy.monitors.calibTools.Monitor object at 0x000002015E15A9A0>, multiSample=False, name='window1', numSamples=2, pos=(0, 0), screen=0, size=array([1920, 1080]), stencilBits=0, stereo=False, units='pix', useFBO=True, useRetina=False, viewOri=0.0, viewPos=None, viewScale=None, waitBlanking=True, winType='pyglet')
18.2559 	EXP 	window1: mouseVisible = True
18.2561 	EXP 	window1: mouseVisible = False
18.2561 	EXP 	window1: Attempting to measure frame rate of screen (0) ...
18.2561 	EXP 	window1: recordFrameIntervals = False
18.4210 	EXP 	window1: recordFrameIntervals = True
18.6041 	EXP 	Screen (0) actual frame rate measured at 60.04Hz
18.6042 	EXP 	window1: recordFrameIntervals = False
20.9179 	EXP 	Created learning_instructions_text = TextStim(__class__=<class 'psychopy.visual.text.TextStim'>, alignHoriz=method-wrapper(...), alignText='center', alignVert=method-wrapper(...), anchorHoriz='center', anchorVert='center', antialias=True, autoDraw=False, autoLog=True, bold=False, color=array([-1, -1, -1]), colorSpace='rgb', contrast=1.0, depth=0.0, flipHoriz=False, flipVert=False, font='Open Sans', fontFiles=[], height=35.0, italic=False, languageStyle='LTR', name='learning_instructions_text', opacity=1.0, ori=0.0, pos=array([0., 0.]), rgb=UNKNOWN, text=str(...), units='pix', win=Window(...), wrapWidth=1400.0)
20.9194 	EXP 	Created cityname_text = TextStim(__class__=<class 'psychopy.visual.text.TextStim'>, alignHoriz=method-wrapper(...), alignText='center', alignVert=method-wrapper(...), anchorHoriz='center', anchorVert='center', antialias=True, autoDraw=False, autoLog=True, bold=False, color=array([-1, -1, -1]), colorSpace='rgb', contrast=1.0, depth=0.0, flipHoriz=False, flipVert=False, font='Open Sans', fontFiles=[], height=48.0, italic=False, languageStyle='LTR', name='cityname_text', opacity=1.0, ori=0.0, pos=array([  0., 400.]), rgb=UNKNOWN, text='', units='pix', win=Window(...), wrapWidth=500)
20.9343 	EXP 	Created city_image = ImageStim(__class__=<class 'psychopy.visual.image.ImageStim'>, anchor=('center', 'center'), autoLog=True, color=array([1, 1, 1]), colorSpace='rgb', contrast=1.0, depth=-1.0, flipHoriz=False, flipVert=False, image='sin', interpolate=True, mask=None, maskParams=None, name='city_image', opacity=1.0, ori=0.0, pos=array([   0., -100.]), size=array([1200.,  630.]), texRes=128.0, units='pix', win=Window(...))
20.9399 	EXP 	Created fx_cross = TextStim(__class__=<class 'psychopy.visual.text.TextStim'>, alignHoriz=method-wrapper(...), alignText='center', alignVert=method-wrapper(...), anchorHoriz='center', anchorVert='center', antialias=True, autoDraw=False, autoLog=True, bold=False, color=array([-1, -1, -1]), colorSpace='rgb', contrast=1.0, depth=0.0, flipHoriz=False, flipVert=False, font='Open Sans', fontFiles=[], height=48.0, italic=False, languageStyle='LTR', name='fx_cross', opacity=1.0, ori=0.0, pos=array([0., 0.]), rgb=UNKNOWN, text='+', units='pix', win=Window(...), wrapWidth=500)
20.9427 	EXP 	Created plate = ImageStim(__class__=<class 'psychopy.visual.image.ImageStim'>, anchor=('center', 'center'), autoLog=True, color=array([1, 1, 1]), colorSpace='rgb', contrast=1.0, depth=0.0, flipHoriz=False, flipVert=False, image='sin', interpolate=True, mask=None, maskParams=None, name='plate', opacity=1.0, ori=0.0, pos=array([  0., 350.]), size=array([513., 215.]), texRes=128.0, units='pix', win=Window(...))
20.9440 	EXP 	Created city_text = TextStim(__class__=<class 'psychopy.visual.text.TextStim'>, alignHoriz=method-wrapper(...), alignText='center', alignVert=method-wrapper(...), anchorHoriz='center', anchorVert='center', antialias=True, autoDraw=False, autoLog=True, bold=False, color=array([-1, -1, -1]), colorSpace='rgb', contrast=1.0, depth=-1.0, flipHoriz=False, flipVert=False, font='Open Sans', fontFiles=[], height=36.0, italic=False, languageStyle='LTR', name='city_text', opacity=1.0, ori=0.0, pos=array([  0., 400.]), rgb=UNKNOWN, text='', units='pix', win=Window(...), wrapWidth=500)
20.9446 	EXP 	Created street_text = TextStim(__class__=<class 'psychopy.visual.text.TextStim'>, alignHoriz=method-wrapper(...), alignText='center', alignVert=method-wrapper(...), anchorHoriz='center', anchorVert='center', antialias=True, autoDraw=False, autoLog=True, bold=False, color=array([-1, -1, -1]), colorSpace='rgb', contrast=1.0, depth=-2.0, flipHoriz=False, flipVert=False, font='Open Sans', fontFiles=[], height=48.0, italic=False, languageStyle='LTR', name='street_text', opacity=1.0, ori=0.0, pos=array([  0., 320.]), rgb=UNKNOWN, text='', units='pix', win=Window(...), wrapWidth=500)
20.9494 	EXP 	Created learning_image = ImageStim(__class__=<class 'psychopy.visual.image.ImageStim'>, anchor=('center', 'center'), autoLog=True, color=array([1, 1, 1]), colorSpace='rgb', contrast=1.0, depth=-3.0, flipHoriz=False, flipVert=False, image='sin', interpolate=True, mask=None, maskParams=None, name='learning_image', opacity=1.0, ori=0.0, pos=array([0., 0.]), size=array([256., 256.]), texRes=128.0, units='pix', win=Window(...))
20.9863 	EXP 	Created short_break_text = TextStim(__class__=<class 'psychopy.visual.text.TextStim'>, alignHoriz=method-wrapper(...), alignText='center', alignVert=method-wrapper(...), anchorHoriz='center', anchorVert='center', antialias=True, autoDraw=False, autoLog=True, bold=False, color=array([-1, -1, -1]), colorSpace='rgb', contrast=1.0, depth=0.0, flipHoriz=False, flipVert=False, font='Open Sans', fontFiles=[], height=48.0, italic=False, languageStyle='LTR', name='short_break_text', opacity=1.0, ori=0.0, pos=array([0., 0.]), rgb=UNKNOWN, text=str(...), units='pix', win=Window(...), wrapWidth=500)
20.9931 	EXP 	Created test_text = TextStim(__class__=<class 'psychopy.visual.text.TextStim'>, alignHoriz=method-wrapper(...), alignText='center', alignVert=method-wrapper(...), anchorHoriz='center', anchorVert='center', antialias=True, autoDraw=False, autoLog=True, bold=False, color=array([-1, -1, -1]), colorSpace='rgb', contrast=1.0, depth=0.0, flipHoriz=False, flipVert=False, font='Open Sans', fontFiles=[], height=48.0, italic=False, languageStyle='LTR', name='test_text', opacity=1.0, ori=0.0, pos=array([0., 0.]), rgb=UNKNOWN, text=str(...), units='pix', win=Window(...), wrapWidth=500)
20.9958 	EXP 	Created plate_test = ImageStim(__class__=<class 'psychopy.visual.image.ImageStim'>, anchor=('center', 'center'), autoLog=True, color=array([1, 1, 1]), colorSpace='rgb', contrast=1.0, depth=0.0, flipHoriz=False, flipVert=False, image='sin', interpolate=True, mask=None, maskParams=None, name='plate_test', opacity=1.0, ori=0.0, pos=array([  0., 350.]), size=array([513., 215.]), texRes=128.0, units='pix', win=Window(...))
20.9964 	EXP 	Created city_text_test = TextStim(__class__=<class 'psychopy.visual.text.TextStim'>, alignHoriz=method-wrapper(...), alignText='center', alignVert=method-wrapper(...), anchorHoriz='center', anchorVert='center', antialias=True, autoDraw=False, autoLog=True, bold=False, color=array([-1, -1, -1]), colorSpace='rgb', contrast=1.0, depth=-1.0, flipHoriz=False, flipVert=False, font='Open Sans', fontFiles=[], height=36.0, italic=False, languageStyle='LTR', name='city_text_test', opacity=1.0, ori=0.0, pos=array([  0., 400.]), rgb=UNKNOWN, text='', units='pix', win=Window(...), wrapWidth=500)
20.9969 	EXP 	Created street_text_test = TextStim(__class__=<class 'psychopy.visual.text.TextStim'>, alignHoriz=method-wrapper(...), alignText='center', alignVert=method-wrapper(...), anchorHoriz='center', anchorVert='center', antialias=True, autoDraw=False, autoLog=True, bold=False, color=array([-1, -1, -1]), colorSpace='rgb', contrast=1.0, depth=-2.0, flipHoriz=False, flipVert=False, font='Open Sans', fontFiles=[], height=48.0, italic=False, languageStyle='LTR', name='street_text_test', opacity=1.0, ori=0.0, pos=array([  0., 320.]), rgb=UNKNOWN, text='', units='pix', win=Window(...), wrapWidth=500)
21.0075 	EXP 	Created test_question = TextStim(__class__=<class 'psychopy.visual.text.TextStim'>, alignHoriz=method-wrapper(...), alignText='center', alignVert=method-wrapper(...), anchorHoriz='center', anchorVert='center', antialias=True, autoDraw=False, autoLog=True, bold=False, color=array([-1, -1, -1]), colorSpace='rgb', contrast=1.0, depth=-3.0, flipHoriz=False, flipVert=False, font='Open Sans', fontFiles=[], height=48.0, italic=False, languageStyle='LTR', name='test_question', opacity=1.0, ori=0.0, pos=array([0., 0.]), rgb=UNKNOWN, text='Fel tudja idézni a képet?', units='pix', win=Window(...), wrapWidth=500)
21.0418 	EXP 	Created button_image = ImageStim(__class__=<class 'psychopy.visual.image.ImageStim'>, anchor=('center', 'center'), autoLog=True, color=array([1, 1, 1]), colorSpace='rgb', contrast=1.0, depth=-5.0, flipHoriz=False, flipVert=False, image='stimuli/buttons.png', interpolate=True, mask=None, maskParams=None, name='button_image', opacity=1.0, ori=0.0, pos=array([   0., -200.]), size=array([660., 312.]), texRes=128.0, units='pix', win=Window(...))
21.0448 	EXP 	Created plate_verbal = ImageStim(__class__=<class 'psychopy.visual.image.ImageStim'>, anchor=('center', 'center'), autoLog=True, color=array([1, 1, 1]), colorSpace='rgb', contrast=1.0, depth=-1.0, flipHoriz=False, flipVert=False, image='sin', interpolate=True, mask=None, maskParams=None, name='plate_verbal', opacity=1.0, ori=0.0, pos=array([  0., 350.]), size=array([513., 215.]), texRes=128.0, units='pix', win=Window(...))
21.0454 	EXP 	Created street_text_verbal = TextStim(__class__=<class 'psychopy.visual.text.TextStim'>, alignHoriz=method-wrapper(...), alignText='center', alignVert=method-wrapper(...), anchorHoriz='center', anchorVert='center', antialias=True, autoDraw=False, autoLog=True, bold=False, color=array([-1, -1, -1]), colorSpace='rgb', contrast=1.0, depth=-2.0, flipHoriz=False, flipVert=False, font='Open Sans', fontFiles=[], height=48.0, italic=False, languageStyle='LTR', name='street_text_verbal', opacity=1.0, ori=0.0, pos=array([  0., 320.]), rgb=UNKNOWN, text='', units='pix', win=Window(...), wrapWidth=500)
21.0459 	EXP 	Created city_text_verbal = TextStim(__class__=<class 'psychopy.visual.text.TextStim'>, alignHoriz=method-wrapper(...), alignText='center', alignVert=method-wrapper(...), anchorHoriz='center', anchorVert='center', antialias=True, autoDraw=False, autoLog=True, bold=False, color=array([-1, -1, -1]), colorSpace='rgb', contrast=1.0, depth=-3.0, flipHoriz=False, flipVert=False, font='Open Sans', fontFiles=[], height=36.0, italic=False, languageStyle='LTR', name='city_text_verbal', opacity=1.0, ori=0.0, pos=array([  0., 400.]), rgb=UNKNOWN, text='', units='pix', win=Window(...), wrapWidth=500)
21.0558 	EXP 	Created question_verbal = TextStim(__class__=<class 'psychopy.visual.text.TextStim'>, alignHoriz=method-wrapper(...), alignText='center', alignVert=method-wrapper(...), anchorHoriz='center', anchorVert='center', antialias=True, autoDraw=False, autoLog=True, bold=False, color=array([-1, -1, -1]), colorSpace='rgb', contrast=1.0, depth=-4.0, flipHoriz=False, flipVert=False, font='Open Sans', fontFiles=[], height=48.0, italic=False, languageStyle='LTR', name='question_verbal', opacity=1.0, ori=0.0, pos=array([0., 0.]), rgb=UNKNOWN, text=str(...), units='pix', win=Window(...), wrapWidth=500)
21.0582 	EXP 	Created fx_cross = TextStim(__class__=<class 'psychopy.visual.text.TextStim'>, alignHoriz=method-wrapper(...), alignText='center', alignVert=method-wrapper(...), anchorHoriz='center', anchorVert='center', antialias=True, autoDraw=False, autoLog=True, bold=False, color=array([-1, -1, -1]), colorSpace='rgb', contrast=1.0, depth=0.0, flipHoriz=False, flipVert=False, font='Open Sans', fontFiles=[], height=48.0, italic=False, languageStyle='LTR', name='fx_cross', opacity=1.0, ori=0.0, pos=array([0., 0.]), rgb=UNKNOWN, text='+', units='pix', win=Window(...), wrapWidth=500)
21.0636 	EXP 	Created break_text = TextStim(__class__=<class 'psychopy.visual.text.TextStim'>, alignHoriz=method-wrapper(...), alignText='center', alignVert=method-wrapper(...), anchorHoriz='center', anchorVert='center', antialias=True, autoDraw=False, autoLog=True, bold=False, color=array([-1, -1, -1]), colorSpace='rgb', contrast=1.0, depth=0.0, flipHoriz=False, flipVert=False, font='Open Sans', fontFiles=[], height=48.0, italic=False, languageStyle='LTR', name='break_text', opacity=1.0, ori=0.0, pos=array([0., 0.]), rgb=UNKNOWN, text=str(...), units='pix', win=Window(...), wrapWidth=500)
21.0779 	EXP 	Created end_text = TextStim(__class__=<class 'psychopy.visual.text.TextStim'>, alignHoriz=method-wrapper(...), alignText='center', alignVert=method-wrapper(...), anchorHoriz='center', anchorVert='center', antialias=True, autoDraw=False, autoLog=True, bold=False, color=array([-1, -1, -1]), colorSpace='rgb', contrast=1.0, depth=0.0, flipHoriz=False, flipVert=False, font='Open Sans', fontFiles=[], height=35.0, italic=False, languageStyle='LTR', name='end_text', opacity=1.0, ori=0.0, pos=array([0., 0.]), rgb=UNKNOWN, text=str(...), units='pix', win=Window(...), wrapWidth=1000.0)
21.0932 	EXP 	learning_instructions_text: autoDraw = True
39.9267 	EXP 	Imported ./stimuli/subj_files/student1_city_list.csv as conditions, 2 conditions, 4 params
39.9273 	EXP 	Created sequence: sequential, trialTypes=2, nReps=2, seed=None
39.9276 	EXP 	New trial (rep=0, index=0): OrderedDict([('CityName', 'Hippopolis'), ('StimuliFile', 'stimuli/subj_files/student1_cityA.csv'), ('CityImage', './stimuli/frankfurt.jpg'), ('StreetSign', './stimuli/street_plate1.png')])
39.9880 	DATA 	Keypress: space
39.9925 	EXP 	learning_instructions_text: autoDraw = False
39.9925 	EXP 	cityname_text: height = 48.0
39.9925 	EXP 	cityname_text: height = 48.0
39.9925 	EXP 	cityname_text: height = 48.0
39.9925 	EXP 	cityname_text: text = 'Hippopolis'
39.9925 	EXP 	city_image: image = './stimuli/frankfurt.jpg'
39.9925 	EXP 	cityname_text: autoDraw = True
39.9925 	EXP 	city_image: autoDraw = True
41.4236 	DATA 	Keypress: space
42.9397 	EXP 	Imported stimuli/subj_files/student1_cityA.csv as conditions, 80 conditions, 13 params
42.9407 	EXP 	Created sequence: random, trialTypes=80, nReps=1, seed=None
42.9411 	EXP 	New trial (rep=0, index=0): OrderedDict([('Cue', 'PÁFRÁNY UTCA'), ('Image', 'stimuli/scenes/101a.jpg'), ('Category', 'scene'), ('Novelty', 0), ('UpdateImage', 'stimuli/scenes/101a.jpg'), ('TestImage1', 'stimuli/scenes/101a.jpg'), ('TestImage2', 'stimuli/scenes/101b.jpg'), ('TestImage3', 'stimuli/objects/051a.jpg'), ('TestImage4', 'stimuli/objects/051b.jpg'), ('TestImage1Type', 'target'), ('TestImage2Type', 'lure'), ('TestImage3Type', 'dist1'), ('TestImage4Type', 'dist2')])
42.9456 	EXP 	cityname_text: autoDraw = False
42.9456 	EXP 	city_image: autoDraw = False
42.9456 	EXP 	fx_cross: autoDraw = True
43.9642 	EXP 	fx_cross: autoDraw = False
43.9642 	EXP 	plate: image = './stimuli/street_plate1.png'
43.9642 	EXP 	city_text: height = 36.0
43.9642 	EXP 	city_text: height = 36.0
43.9642 	EXP 	city_text: height = 36.0
43.9642 	EXP 	city_text: text = 'Hippopolis'
43.9642 	EXP 	street_text: height = 48.0
43.9642 	EXP 	street_text: height = 48.0
43.9642 	EXP 	street_text: height = 48.0
43.9642 	EXP 	street_text: text = 'PÁFRÁNY UTCA'
43.9642 	EXP 	learning_image: image = 'stimuli/scenes/101a.jpg'
43.9642 	EXP 	plate: autoDraw = True
43.9642 	EXP 	city_text: autoDraw = True
43.9642 	EXP 	street_text: autoDraw = True
43.9642 	EXP 	learning_image: autoDraw = True
45.7571 	DATA 	Keypress: escape
46.7455 	EXP 	window1: mouseVisible = True
